<?xml version="1.0" encoding="UTF-8"?>
<!-- Generated by org.testng.reporters.JUnitReportReporter -->
<testsuite hostname="LAPTOP-4NL42U64" failures="0" tests="2" name="testRunner.Runner" time="37.818" errors="0" timestamp="2024-10-26T11:57:52 IST" skipped="0">
  <testcase classname="testRunner.Runner" name="runScenario" time="17.751">
    <system-out>
      <![CDATA[test pass]]>
    </system-out>
  </testcase> <!-- runScenario -->
  <testcase classname="testRunner.Runner" name="runScenario" time="20.067">
    <system-out>
      <![CDATA[test pass]]>
    </system-out>
  </testcase> <!-- runScenario -->
  <system-out>
    <![CDATA[test pass
test pass]]>
  </system-out>
</testsuite> <!-- testRunner.Runner -->
